
*** Running vivado
    with args -log bram_instrucciones.vds -m64 -product Vivado -mode batch -messageDb vivado.pb -notrace -source bram_instrucciones.tcl



****** Vivado v2025.1 (64-bit)
  **** SW Build 6140274 on Thu May 22 00:12:29 MDT 2025
  **** IP Build 6138677 on Thu May 22 03:10:11 MDT 2025
  **** SharedData Build 6139179 on Tue May 20 17:58:58 MDT 2025
  **** Start of session at: Tue Mar 17 16:43:22 2026
    ** Copyright 1986-2022 Xilinx, Inc. All Rights Reserved.
    ** Copyright 2022-2025 Advanced Micro Devices, Inc. All Rights Reserved.

source bram_instrucciones.tcl -notrace
create_project: Time (s): cpu = 00:00:33 ; elapsed = 00:00:28 . Memory (MB): peak = 626.141 ; gain = 247.977
Command: synth_design -top bram_instrucciones -part xc7z010clg400-1 -incremental_mode off -mode out_of_context
Starting synth_design
Attempting to get a license for feature 'Synthesis' and/or device 'xc7z010'
INFO: [Common 17-349] Got license for feature 'Synthesis' and/or device 'xc7z010'
INFO: [Device 21-403] Loading part xc7z010clg400-1
INFO: [Synth 8-7079] Multithreading enabled for synth_design using a maximum of 2 processes.
INFO: [Synth 8-7078] Launching helper process for spawning children vivado processes
INFO: [Synth 8-7075] Helper process launched with PID 4408
---------------------------------------------------------------------------------
Starting RTL Elaboration : Time (s): cpu = 00:00:19 ; elapsed = 00:00:23 . Memory (MB): peak = 1338.605 ; gain = 493.754
---------------------------------------------------------------------------------
Unable to open MIF file ./bram_instrucciones.mif
Unable to open MIF file ./bram_instrucciones.mif
Unable to open MIF file ./bram_instrucciones.mif
Unable to open MIF file ./bram_instrucciones.mif
Unable to open MIF file ./bram_instrucciones.mif
Unable to open MIF file ./bram_instrucciones.mif
Unable to open MIF file ./bram_instrucciones.mif
Unable to open MIF file ./bram_instrucciones.mif
INFO: [Synth 8-638] synthesizing module 'bram_instrucciones' [c:/Users/BGPS/Desktop/Tesis/Tesis/project/Tesis_Ibex_Reporter_2/Tesis_Ibex_Reporter_2.gen/sources_1/ip/bram_instrucciones/synth/bram_instrucciones.vhd:76]
	Parameter C_FAMILY bound to: zynq - type: string 
	Parameter C_XDEVICEFAMILY bound to: zynq - type: string 
	Parameter C_ELABORATION_DIR bound to: ./ - type: string 
	Parameter C_INTERFACE_TYPE bound to: 0 - type: integer 
	Parameter C_AXI_TYPE bound to: 1 - type: integer 
	Parameter C_AXI_SLAVE_TYPE bound to: 0 - type: integer 
	Parameter C_USE_BRAM_BLOCK bound to: 0 - type: integer 
	Parameter C_ENABLE_32BIT_ADDRESS bound to: 0 - type: integer 
	Parameter C_CTRL_ECC_ALGO bound to: NONE - type: string 
	Parameter C_HAS_AXI_ID bound to: 0 - type: integer 
	Parameter C_AXI_ID_WIDTH bound to: 4 - type: integer 
	Parameter C_MEM_TYPE bound to: 2 - type: integer 
	Parameter C_BYTE_SIZE bound to: 9 - type: integer 
	Parameter C_ALGORITHM bound to: 1 - type: integer 
	Parameter C_PRIM_TYPE bound to: 1 - type: integer 
	Parameter C_LOAD_INIT_FILE bound to: 1 - type: integer 
	Parameter C_INIT_FILE_NAME bound to: bram_instrucciones.mif - type: string 
	Parameter C_INIT_FILE bound to: bram_instrucciones.mem - type: string 
	Parameter C_USE_DEFAULT_DATA bound to: 0 - type: integer 
	Parameter C_DEFAULT_DATA bound to: 0 - type: string 
	Parameter C_HAS_RSTA bound to: 0 - type: integer 
	Parameter C_RST_PRIORITY_A bound to: CE - type: string 
	Parameter C_RSTRAM_A bound to: 0 - type: integer 
	Parameter C_INITA_VAL bound to: 0 - type: string 
	Parameter C_HAS_ENA bound to: 1 - type: integer 
	Parameter C_HAS_REGCEA bound to: 0 - type: integer 
	Parameter C_USE_BYTE_WEA bound to: 0 - type: integer 
	Parameter C_WEA_WIDTH bound to: 1 - type: integer 
	Parameter C_WRITE_MODE_A bound to: WRITE_FIRST - type: string 
	Parameter C_WRITE_WIDTH_A bound to: 32 - type: integer 
	Parameter C_READ_WIDTH_A bound to: 32 - type: integer 
	Parameter C_WRITE_DEPTH_A bound to: 4096 - type: integer 
	Parameter C_READ_DEPTH_A bound to: 4096 - type: integer 
	Parameter C_ADDRA_WIDTH bound to: 12 - type: integer 
	Parameter C_HAS_RSTB bound to: 0 - type: integer 
	Parameter C_RST_PRIORITY_B bound to: CE - type: string 
	Parameter C_RSTRAM_B bound to: 0 - type: integer 
	Parameter C_INITB_VAL bound to: 0 - type: string 
	Parameter C_HAS_ENB bound to: 1 - type: integer 
	Parameter C_HAS_REGCEB bound to: 0 - type: integer 
	Parameter C_USE_BYTE_WEB bound to: 0 - type: integer 
	Parameter C_WEB_WIDTH bound to: 1 - type: integer 
	Parameter C_WRITE_MODE_B bound to: WRITE_FIRST - type: string 
	Parameter C_WRITE_WIDTH_B bound to: 32 - type: integer 
	Parameter C_READ_WIDTH_B bound to: 32 - type: integer 
	Parameter C_WRITE_DEPTH_B bound to: 4096 - type: integer 
	Parameter C_READ_DEPTH_B bound to: 4096 - type: integer 
	Parameter C_ADDRB_WIDTH bound to: 12 - type: integer 
	Parameter C_HAS_MEM_OUTPUT_REGS_A bound to: 0 - type: integer 
	Parameter C_HAS_MEM_OUTPUT_REGS_B bound to: 1 - type: integer 
	Parameter C_HAS_MUX_OUTPUT_REGS_A bound to: 0 - type: integer 
	Parameter C_HAS_MUX_OUTPUT_REGS_B bound to: 0 - type: integer 
	Parameter C_MUX_PIPELINE_STAGES bound to: 0 - type: integer 
	Parameter C_HAS_SOFTECC_INPUT_REGS_A bound to: 0 - type: integer 
	Parameter C_HAS_SOFTECC_OUTPUT_REGS_B bound to: 0 - type: integer 
	Parameter C_USE_SOFTECC bound to: 0 - type: integer 
	Parameter C_USE_ECC bound to: 0 - type: integer 
	Parameter C_EN_ECC_PIPE bound to: 0 - type: integer 
	Parameter C_READ_LATENCY_A bound to: 1 - type: integer 
	Parameter C_READ_LATENCY_B bound to: 1 - type: integer 
	Parameter C_HAS_INJECTERR bound to: 0 - type: integer 
	Parameter C_SIM_COLLISION_CHECK bound to: ALL - type: string 
	Parameter C_COMMON_CLK bound to: 0 - type: integer 
	Parameter C_DISABLE_WARN_BHV_COLL bound to: 0 - type: integer 
	Parameter C_EN_SLEEP_PIN bound to: 0 - type: integer 
	Parameter C_USE_URAM bound to: 0 - type: integer 
	Parameter C_EN_RDADDRA_CHG bound to: 0 - type: integer 
	Parameter C_EN_RDADDRB_CHG bound to: 0 - type: integer 
	Parameter C_EN_DEEPSLEEP_PIN bound to: 0 - type: integer 
	Parameter C_EN_SHUTDOWN_PIN bound to: 0 - type: integer 
	Parameter C_EN_SAFETY_CKT bound to: 0 - type: integer 
	Parameter C_DISABLE_WARN_BHV_RANGE bound to: 0 - type: integer 
	Parameter C_COUNT_36K_BRAM bound to: 4 - type: string 
	Parameter C_COUNT_18K_BRAM bound to: 0 - type: string 
	Parameter C_EST_POWER_SUMMARY bound to: Estimated Power for IP     :     20.285598 mW - type: string 
INFO: [Synth 8-3491] module 'blk_mem_gen_v8_4_11' declared at 'c:/Users/BGPS/Desktop/Tesis/Tesis/project/Tesis_Ibex_Reporter_2/Tesis_Ibex_Reporter_2.gen/sources_1/ip/bram_instrucciones/hdl/blk_mem_gen_v8_4_vhsyn_rfs.vhd:195209' bound to instance 'U0' of component 'blk_mem_gen_v8_4_11' [c:/Users/BGPS/Desktop/Tesis/Tesis/project/Tesis_Ibex_Reporter_2/Tesis_Ibex_Reporter_2.gen/sources_1/ip/bram_instrucciones/synth/bram_instrucciones.vhd:252]
Unable to open MIF file ./bram_instrucciones.mif
ERROR: [Synth 8-5809] Error generated from encrypted envelope. [c:/Users/BGPS/Desktop/Tesis/Tesis/project/Tesis_Ibex_Reporter_2/Tesis_Ibex_Reporter_2.gen/sources_1/ip/bram_instrucciones/hdl/blk_mem_gen_v8_4_vhsyn_rfs.vhd:4484]
ERROR: [Synth 8-5809] Error generated from encrypted envelope. [c:/Users/BGPS/Desktop/Tesis/Tesis/project/Tesis_Ibex_Reporter_2/Tesis_Ibex_Reporter_2.gen/sources_1/ip/bram_instrucciones/hdl/blk_mem_gen_v8_4_vhsyn_rfs.vhd:96175]
ERROR: [Synth 8-5809] Error generated from encrypted envelope. [c:/Users/BGPS/Desktop/Tesis/Tesis/project/Tesis_Ibex_Reporter_2/Tesis_Ibex_Reporter_2.gen/sources_1/ip/bram_instrucciones/hdl/blk_mem_gen_v8_4_vhsyn_rfs.vhd:96142]
ERROR: [Synth 8-5809] Error generated from encrypted envelope. [c:/Users/BGPS/Desktop/Tesis/Tesis/project/Tesis_Ibex_Reporter_2/Tesis_Ibex_Reporter_2.gen/sources_1/ip/bram_instrucciones/hdl/blk_mem_gen_v8_4_vhsyn_rfs.vhd:182779]
ERROR: [Synth 8-5809] Error generated from encrypted envelope. [c:/Users/BGPS/Desktop/Tesis/Tesis/project/Tesis_Ibex_Reporter_2/Tesis_Ibex_Reporter_2.gen/sources_1/ip/bram_instrucciones/hdl/blk_mem_gen_v8_4_vhsyn_rfs.vhd:184347]
ERROR: [Synth 8-5809] Error generated from encrypted envelope. [c:/Users/BGPS/Desktop/Tesis/Tesis/project/Tesis_Ibex_Reporter_2/Tesis_Ibex_Reporter_2.gen/sources_1/ip/bram_instrucciones/hdl/blk_mem_gen_v8_4_vhsyn_rfs.vhd:192632]
ERROR: [Synth 8-5809] Error generated from encrypted envelope. [c:/Users/BGPS/Desktop/Tesis/Tesis/project/Tesis_Ibex_Reporter_2/Tesis_Ibex_Reporter_2.gen/sources_1/ip/bram_instrucciones/hdl/blk_mem_gen_v8_4_vhsyn_rfs.vhd:193672]
ERROR: [Synth 8-5809] Error generated from encrypted envelope. [c:/Users/BGPS/Desktop/Tesis/Tesis/project/Tesis_Ibex_Reporter_2/Tesis_Ibex_Reporter_2.gen/sources_1/ip/bram_instrucciones/hdl/blk_mem_gen_v8_4_vhsyn_rfs.vhd:195355]
ERROR: [Synth 8-285] failed synthesizing module 'bram_instrucciones' [c:/Users/BGPS/Desktop/Tesis/Tesis/project/Tesis_Ibex_Reporter_2/Tesis_Ibex_Reporter_2.gen/sources_1/ip/bram_instrucciones/synth/bram_instrucciones.vhd:76]
---------------------------------------------------------------------------------
Finished RTL Elaboration : Time (s): cpu = 00:00:37 ; elapsed = 00:00:43 . Memory (MB): peak = 1704.117 ; gain = 859.266
---------------------------------------------------------------------------------
RTL Elaboration failed
INFO: [Common 17-83] Releasing license: Synthesis
8 Infos, 0 Warnings, 0 Critical Warnings and 10 Errors encountered.
synth_design failed
ERROR: [Common 17-69] Command failed: Synthesis failed - please see the console or run log file for details
INFO: [Common 17-206] Exiting Vivado at Tue Mar 17 16:45:39 2026...
